<?xml version="1.0" encoding="UTF-8"?>
<!-- Generated by org.testng.reporters.JUnitXMLReporter -->
<testsuite hostname="PDCDW10-VM30051" ignored="25" name="Gradle test" tests="1" failures="0" timestamp="29 Jan 2020 15:39:05 GMT" time="10.971" errors="0">
  <testcase name="TC_01_RestAssuredServiceCallDemo_01" time="2.744" classname="com.swacorp.crew.tests.regression.oqs.crew14477.TC_01_RestAssuredServiceCallDemo"/>
  <testcase name="@AfterSuite AfterSuite" time="0.0" classname="com.swacorp.crew.utils.TestManager">
    <ignored/>
  </testcase> <!-- @AfterSuite AfterSuite -->
  <testcase name="@AfterSuite AfterSuite" time="0.0" classname="com.swacorp.crew.utils.TestManager">
    <ignored/>
  </testcase> <!-- @AfterSuite AfterSuite -->
  <testcase name="@AfterSuite AfterSuite" time="0.0" classname="com.swacorp.crew.utils.TestManager">
    <ignored/>
  </testcase> <!-- @AfterSuite AfterSuite -->
  <testcase name="@AfterSuite AfterSuite" time="0.0" classname="com.swacorp.crew.utils.TestManager">
    <ignored/>
  </testcase> <!-- @AfterSuite AfterSuite -->
  <testcase name="@AfterSuite AfterSuite" time="0.0" classname="com.swacorp.crew.utils.TestManager">
    <ignored/>
  </testcase> <!-- @AfterSuite AfterSuite -->
  <testcase name="@AfterSuite AfterSuite" time="0.0" classname="com.swacorp.crew.utils.TestManager">
    <ignored/>
  </testcase> <!-- @AfterSuite AfterSuite -->
  <testcase name="@AfterSuite AfterSuite" time="0.0" classname="com.swacorp.crew.utils.TestManager">
    <ignored/>
  </testcase> <!-- @AfterSuite AfterSuite -->
  <testcase name="TC181508_OQS_RK_TRiM_FO_Add_multiple_FOs_to_OQS_RK_and_verify_in_TRiM" time="0.0" classname="com.swacorp.crew.tests.regression.oqs.crew14477.TC181510_181551_181552">
    <ignored/>
  </testcase> <!-- TC181508_OQS_RK_TRiM_FO_Add_multiple_FOs_to_OQS_RK_and_verify_in_TRiM -->
  <testcase name="TC181553_OQS_RK_TRiM_FO_End_an_FO_position_and_add_new_FO_position_to_the_CM_to_OQS_RK_and_verify_in_TRiM" time="0.0" classname="com.swacorp.crew.tests.regression.oqs.crew14477.TC181553_181554">
    <ignored/>
  </testcase> <!-- TC181553_OQS_RK_TRiM_FO_End_an_FO_position_and_add_new_FO_position_to_the_CM_to_OQS_RK_and_verify_in_TRiM -->
  <testcase name="TC181552_OQS_RK_TRiM_APM_Add_a_APM_to_OQS_RK_and_verify_in_TRiM" time="0.0" classname="com.swacorp.crew.tests.regression.oqs.crew14477.TC181510_181551_181552">
    <ignored/>
  </testcase> <!-- TC181552_OQS_RK_TRiM_APM_Add_a_APM_to_OQS_RK_and_verify_in_TRiM -->
  <testcase name="TC181507_OQS_RK_TRiM_Attempt_to_add_an_existing_CA_to_OQS_RK_and_verify_in_TRiM" time="0.0" classname="com.swacorp.crew.tests.regression.oqs.crew14477.TC181507">
    <ignored/>
  </testcase> <!-- TC181507_OQS_RK_TRiM_Attempt_to_add_an_existing_CA_to_OQS_RK_and_verify_in_TRiM -->
  <testcase name="TC181554_CREW_14499_TC10_OQS_RK_TRiM_FO_End_an_FO_position_and_add_new_FO_position_to_the_CM_to_OQS_RK_and_verify_in_TRiM" time="0.0" classname="com.swacorp.crew.tests.regression.oqs.crew14477.TC181553_181554">
    <ignored/>
  </testcase> <!-- TC181554_CREW_14499_TC10_OQS_RK_TRiM_FO_End_an_FO_position_and_add_new_FO_position_to_the_CM_to_OQS_RK_and_verify_in_TRiM -->
  <testcase name="TC181391_OQS_RK_TRiM_Sim_Instructor_Add_a_Sim_Instructor_to_OQS_RK_and_verify_in_TRiM" time="0.0" classname="com.swacorp.crew.tests.regression.oqs.crew14477.TC181391">
    <ignored/>
  </testcase> <!-- TC181391_OQS_RK_TRiM_Sim_Instructor_Add_a_Sim_Instructor_to_OQS_RK_and_verify_in_TRiM -->
  <testcase name="create_CrewMember_InOQS_Verify_InTRiM_181164" time="0.0" classname="com.swacorp.crew.tests.regression.oqs.Create_CrewMember_InOQS_Verify_InTRiM_181164">
    <ignored/>
  </testcase> <!-- create_CrewMember_InOQS_Verify_InTRiM_181164 -->
  <testcase name="TC181359_OQS_RK_TRiM_FO_Add_a_FO_to_OQS_RK_and_verify_in_TRiM" time="0.0" classname="com.swacorp.crew.tests.regression.oqs.crew14477.TC181510_181551_181552">
    <ignored/>
  </testcase> <!-- TC181359_OQS_RK_TRiM_FO_Add_a_FO_to_OQS_RK_and_verify_in_TRiM -->
  <testcase name="TC181551_OQS_RK_TRiM_FAA_Add_a_FAA_to_OQS_RK_and_verify_in_TRiM" time="0.0" classname="com.swacorp.crew.tests.regression.oqs.crew14477.TC181510_181551_181552">
    <ignored/>
  </testcase> <!-- TC181551_OQS_RK_TRiM_FAA_Add_a_FAA_to_OQS_RK_and_verify_in_TRiM -->
  <testcase name="@BeforeSuite initializeDataProperty" time="0.0" classname="com.swacorp.crew.utils.TestManager">
    <ignored/>
  </testcase> <!-- @BeforeSuite initializeDataProperty -->
  <testcase name="@BeforeSuite initializeDataProperty" time="0.0" classname="com.swacorp.crew.utils.TestManager">
    <ignored/>
  </testcase> <!-- @BeforeSuite initializeDataProperty -->
  <testcase name="@BeforeSuite initializeDataProperty" time="0.0" classname="com.swacorp.crew.utils.TestManager">
    <ignored/>
  </testcase> <!-- @BeforeSuite initializeDataProperty -->
  <testcase name="@BeforeSuite initializeDataProperty" time="0.0" classname="com.swacorp.crew.utils.TestManager">
    <ignored/>
  </testcase> <!-- @BeforeSuite initializeDataProperty -->
  <testcase name="@BeforeSuite initializeDataProperty" time="0.0" classname="com.swacorp.crew.utils.TestManager">
    <ignored/>
  </testcase> <!-- @BeforeSuite initializeDataProperty -->
  <testcase name="@BeforeSuite initializeDataProperty" time="0.0" classname="com.swacorp.crew.utils.TestManager">
    <ignored/>
  </testcase> <!-- @BeforeSuite initializeDataProperty -->
  <testcase name="@BeforeSuite initializeDataProperty" time="0.0" classname="com.swacorp.crew.utils.TestManager">
    <ignored/>
  </testcase> <!-- @BeforeSuite initializeDataProperty -->
  <testcase name="create_CrewMember_InOQS_Verify_InTRiM_181166" time="0.0" classname="com.swacorp.crew.tests.regression.oqs.Create_CrewMember_InOQS_Verify_InTRiM_181166">
    <ignored/>
  </testcase> <!-- create_CrewMember_InOQS_Verify_InTRiM_181166 -->
  <testcase name="TC181510_OQS_RK_TRiM_Sim_Instructor_Add_a_Sim_Instructor_to_OQS_RK_and_verify_in_TRiM" time="0.0" classname="com.swacorp.crew.tests.regression.oqs.crew14477.TC181510_181551_181552">
    <ignored/>
  </testcase> <!-- TC181510_OQS_RK_TRiM_Sim_Instructor_Add_a_Sim_Instructor_to_OQS_RK_and_verify_in_TRiM -->
</testsuite> <!-- Gradle test -->
